0 info it worked if it ends with ok
1 verbose cli [ '/usr/bin/nodejs', '/usr/bin/npm', 'start' ]
2 info using npm@4.1.2
3 info using node@v7.7.4
4 verbose run-script [ 'prestart', 'start', 'poststart' ]
5 info lifecycle comment@0.0.0~prestart: comment@0.0.0
6 silly lifecycle comment@0.0.0~prestart: no script for prestart, continuing
7 info lifecycle comment@0.0.0~start: comment@0.0.0
8 verbose lifecycle comment@0.0.0~start: unsafe-perm in lifecycle true
9 verbose lifecycle comment@0.0.0~start: PATH: /usr/lib/node_modules/npm/bin/node-gyp-bin:/mnt/c/Users/corne/Documents/Git Repos/creative_lab_5/node_modules/.bin:/usr/local/sbin:/usr/local/bin:/usr/sbin:/usr/bin:/sbin:/bin:/usr/games:/usr/local/games:/mnt/c/ProgramData/Oracle/Java/javapath:/mnt/c/Program Files/Haskell Platform/8.0.1/lib/extralibs/bin:/mnt/c/Program Files/Haskell Platform/8.0.1/bin:/mnt/c/Windows/System32:/mnt/c/Windows:/mnt/c/Windows/System32/wbem:/mnt/c/Windows/System32/WindowsPowerShell/v1.0:/mnt/c/Program Files/Microsoft SQL Server/130/Tools/Binn:/mnt/c/Program Files (x86)/PharosSystems/Core:/mnt/c/Program Files/Racket:/mnt/c/Program Files (x86)/Skype/Phone:/mnt/c/Program Files/Haskell Platform/8.0.1/mingw/bin:/mnt/c/Program Files/nodejs:/mnt/c/Program Files/Git/cmd:/mnt/c/Users/corne/AppData/Roaming/local/bin:/mnt/c/Users/corne/Anaconda3:/mnt/c/Users/corne/Anaconda3/Scripts:/mnt/c/Users/corne/Anaconda3/Library/bin:/mnt/c/Users/corne/AppData/Local/Programs/Python/Python35-32/Scripts:/mnt/c/Users/corne/AppData/Local/Programs/Python/Python35-32:/mnt/c/Users/corne/AppData/Local/Microsoft/WindowsApps:/mnt/c/Program Files (x86)/Microsoft VS Code/bin:/mnt/c/Users/corne/AppData/Local/atom/bin:/mnt/c/Users/corne/AppData/Roaming/npm:/mnt/c/Users/corne/AppData/Local/Microsoft/WindowsApps
10 verbose lifecycle comment@0.0.0~start: CWD: /mnt/c/Users/corne/Documents/Git Repos/creative_lab_5
11 silly lifecycle comment@0.0.0~start: Args: [ '-c', 'node ./bin/www' ]
12 silly lifecycle comment@0.0.0~start: Returned: code: 1  signal: null
13 info lifecycle comment@0.0.0~start: Failed to exec start script
14 verbose stack Error: comment@0.0.0 start: `node ./bin/www`
14 verbose stack Exit status 1
14 verbose stack     at EventEmitter.<anonymous> (/usr/lib/node_modules/npm/lib/utils/lifecycle.js:279:16)
14 verbose stack     at emitTwo (events.js:106:13)
14 verbose stack     at EventEmitter.emit (events.js:194:7)
14 verbose stack     at ChildProcess.<anonymous> (/usr/lib/node_modules/npm/lib/utils/spawn.js:40:14)
14 verbose stack     at emitTwo (events.js:106:13)
14 verbose stack     at ChildProcess.emit (events.js:194:7)
14 verbose stack     at maybeClose (internal/child_process.js:899:16)
14 verbose stack     at Process.ChildProcess._handle.onexit (internal/child_process.js:226:5)
15 verbose pkgid comment@0.0.0
16 verbose cwd /mnt/c/Users/corne/Documents/Git Repos/creative_lab_5/public
17 error Linux 4.4.0-43-Microsoft
18 error argv "/usr/bin/nodejs" "/usr/bin/npm" "start"
19 error node v7.7.4
20 error npm  v4.1.2
21 error code ELIFECYCLE
22 error comment@0.0.0 start: `node ./bin/www`
22 error Exit status 1
23 error Failed at the comment@0.0.0 start script 'node ./bin/www'.
23 error Make sure you have the latest version of node.js and npm installed.
23 error If you do, this is most likely a problem with the comment package,
23 error not with npm itself.
23 error Tell the author that this fails on your system:
23 error     node ./bin/www
23 error You can get information on how to open an issue for this project with:
23 error     npm bugs comment
23 error Or if that isn't available, you can get their info via:
23 error     npm owner ls comment
23 error There is likely additional logging output above.
24 verbose exit [ 1, true ]
